E:\C-EXP\AMS\ACCOUNTMANAGEMENT\DEBUG\ACCOUNTMANAGEMENT.EXE.INTERMEDIATE.MANIFEST
E:\C-exp\AMS\AccountManagement\Debug\AccountManagement.write.1.tlog
E:\C-EXP\AMS\ACCOUNTMANAGEMENT\DEBUG\CARD_SERVICE.OBJ
E:\C-exp\AMS\AccountManagement\Debug\cl.command.1.tlog
E:\C-exp\AMS\AccountManagement\Debug\CL.read.1.tlog
E:\C-exp\AMS\AccountManagement\Debug\CL.write.1.tlog
E:\C-exp\AMS\AccountManagement\Debug\link.command.1.tlog
E:\C-exp\AMS\AccountManagement\Debug\link.read.1.tlog
E:\C-exp\AMS\AccountManagement\Debug\link.write.1.tlog
E:\C-EXP\AMS\ACCOUNTMANAGEMENT\DEBUG\MAIN.OBJ
E:\C-EXP\AMS\ACCOUNTMANAGEMENT\DEBUG\MENU.OBJ
E:\C-exp\AMS\AccountManagement\Debug\mt.command.1.tlog
E:\C-exp\AMS\AccountManagement\Debug\mt.read.1.tlog
E:\C-exp\AMS\AccountManagement\Debug\mt.write.1.tlog
E:\C-EXP\AMS\ACCOUNTMANAGEMENT\DEBUG\TOOL.OBJ
E:\C-exp\AMS\AccountManagement\Debug\vc100.idb
E:\C-EXP\AMS\ACCOUNTMANAGEMENT\DEBUG\VC100.PDB
E:\C-EXP\AMS\DEBUG\ACCOUNTMANAGEMENT.EXE
E:\C-EXP\AMS\DEBUG\ACCOUNTMANAGEMENT.ILK
E:\C-EXP\AMS\DEBUG\ACCOUNTMANAGEMENT.PDB
