生成启动时间为 2018/4/16 14:30:54。
     1>项目“E:\C-exp\AMS\AccountManagement\AccountManagement.vcxproj”在节点 2 上(build 个目标)。
     1>InitializeBuildStatus:
         正在创建“Debug\AccountManagement.unsuccessfulbuild”，因为已指定“AlwaysCreate”。
       ClCompile:
         d:\VStudio2010\VC\bin\CL.exe /c /ZI /nologo /W3 /WX- /Od /Oy- /D _CRT_SECURE_NO_WARNINGS /D _MBCS /Gm /EHsc /RTC1 /MDd /GS /fp:precise /Zc:wchar_t /Zc:forScope /Fo"Debug\\" /Fd"Debug\vc100.pdb" /Gd /TC /analyze- /errorReport:prompt card_service.c
         card_service.c
       Link:
         d:\VStudio2010\VC\bin\link.exe /ERRORREPORT:PROMPT /OUT:"E:\C-exp\AMS\Debug\AccountManagement.exe" /NOLOGO kernel32.lib user32.lib gdi32.lib winspool.lib comdlg32.lib advapi32.lib shell32.lib ole32.lib oleaut32.lib uuid.lib odbc32.lib odbccp32.lib /MANIFEST /ManifestFile:"Debug\AccountManagement.exe.intermediate.manifest" /MANIFESTUAC:"level='asInvoker' uiAccess='false'" /DEBUG /PDB:"E:\C-exp\AMS\Debug\AccountManagement.pdb" /SUBSYSTEM:CONSOLE /TLBID:1 /DYNAMICBASE /NXCOMPAT /IMPLIB:"E:\C-exp\AMS\Debug\AccountManagement.lib" /MACHINE:X86 Debug\billing_file.obj
         Debug\billing_service.obj
         Debug\card_file.obj
         Debug\card_service.obj
         Debug\main.obj
         Debug\menu.obj
         Debug\service.obj
         Debug\tool.obj
         LINK : 没有找到 E:\C-exp\AMS\Debug\AccountManagement.exe 或上一个增量链接没有生成它；正在执行完全链接
         AccountManagement.vcxproj -> E:\C-exp\AMS\Debug\AccountManagement.exe
       Manifest:
         C:\Program Files (x86)\Microsoft SDKs\Windows\v7.0A\bin\mt.exe /nologo /verbose /outputresource:"E:\C-exp\AMS\Debug\AccountManagement.exe;#1" /manifest Debug\AccountManagement.exe.intermediate.manifest
       FinalizeBuildStatus:
         正在删除文件“Debug\AccountManagement.unsuccessfulbuild”。
         正在对“Debug\AccountManagement.lastbuildstate”执行 Touch 任务。
     1>已完成生成项目“E:\C-exp\AMS\AccountManagement\AccountManagement.vcxproj”(build 个目标)的操作。

生成成功。

已用时间 00:00:12.40
